2018-05-31T17:45:00.886Z - info: Application logs file: C:\Users\my_nu\Project\Git\store-code\simple-react-full-stack\.application.log
2018-05-31T17:45:02.612Z - info: Application env: development
2018-05-31T17:45:02.683Z - info: HTTP server is now running on http://localhost:3000
2018-05-31T17:45:04.948Z - info: Hash: [1m6dbac992c75c0b206cb1[39m[22m
Version: webpack [1m4.10.2[39m[22m
Time: [1m2203[39m[22mms
Built at: 2018-06-01 [1m00:45:04[39m[22m
     [1mAsset[39m[22m       [1mSize[39m[22m  [1mChunks[39m[22m  [1m[39m[22m           [1m[39m[22m[1mChunk Names[39m[22m
   [1m[32mmain.js[39m[22m   39.8 KiB    [1mmain[39m[22m  [1m[32m[emitted][39m[22m  main
 [1m[32mvendor.js[39m[22m   2.15 MiB  [1mvendor[39m[22m  [1m[32m[emitted][39m[22m  vendor
[1m[32mindex.html[39m[22m  740 bytes        [1m[39m[22m  [1m[32m[emitted][39m[22m  
Entrypoint [1mmain[39m[22m = [1m[32mvendor.js[39m[22m [1m[32mmain.js[39m[22m
[[1m./node_modules/querystring-es3/index.js[39m[22m] 127 bytes {[1m[33mvendor[39m[22m}[1m[32m [built][39m[22m
[[1m./node_modules/react-dom/cjs/react-dom.development.js[39m[22m] 606 KiB {[1m[33mvendor[39m[22m}[1m[32m [built][39m[22m
[[1m./node_modules/react-dom/index.js[39m[22m] 1.33 KiB {[1m[33mvendor[39m[22m}[1m[32m [built][39m[22m
[[1m./node_modules/react-hot-loader/index.js[39m[22m] 228 bytes {[1m[33mvendor[39m[22m}[1m[32m [built][39m[22m
[[1m./node_modules/react/cjs/react.development.js[39m[22m] 47.8 KiB {[1m[33mvendor[39m[22m}[1m[32m [built][39m[22m
[[1m./node_modules/react/index.js[39m[22m] 190 bytes {[1m[33mvendor[39m[22m}[1m[32m [built][39m[22m
[[1m./node_modules/strip-ansi/index.js[39m[22m] 161 bytes {[1m[33mvendor[39m[22m}[1m[32m [built][39m[22m
[0] [1mmulti ./src/client/index.js webpack-hot-middleware/client?http://localhost:3000&reload=true[39m[22m 40 bytes {[1m[33mmain[39m[22m}[1m[32m [built][39m[22m
[./node_modules/webpack-hot-middleware/client-overlay.js] [1m(webpack)-hot-middleware/client-overlay.js[39m[22m 2.16 KiB {[1m[33mvendor[39m[22m}[1m[32m [built][39m[22m
[./node_modules/webpack-hot-middleware/client.js?http://localhost:3000&reload=true] [1m(webpack)-hot-middleware/client.js?http://localhost:3000&reload=true[39m[22m 7.59 KiB {[1m[33mvendor[39m[22m}[1m[32m [built][39m[22m
[./node_modules/webpack-hot-middleware/process-update.js] [1m(webpack)-hot-middleware/process-update.js[39m[22m 4.23 KiB {[1m[33mvendor[39m[22m}[1m[32m [built][39m[22m
[./node_modules/webpack/buildin/harmony-module.js] [1m(webpack)/buildin/harmony-module.js[39m[22m 573 bytes {[1m[33mvendor[39m[22m}[1m[32m [built][39m[22m
[./node_modules/webpack/buildin/module.js] [1m(webpack)/buildin/module.js[39m[22m 497 bytes {[1m[33mvendor[39m[22m}[1m[32m [built][39m[22m
[[1m./src/client/App.js[39m[22m] 3.31 KiB {[1m[33mmain[39m[22m}[1m[32m [built][39m[22m
[[1m./src/client/index.js[39m[22m] 167 bytes {[1m[33mmain[39m[22m}[1m[32m [built][39m[22m
    + 34 hidden modules
Child [1mhtml-webpack-plugin for "index.html"[39m[22m:
         [1mAsset[39m[22m      [1mSize[39m[22m  [1mChunks[39m[22m  [1m[39m[22m[1m[39m[22m[1mChunk Names[39m[22m
    [1m[32mindex.html[39m[22m  29.3 KiB       [1m0[39m[22m  [1m[32m[39m[22m
    Entrypoint [1mundefined[39m[22m = [1m[32mindex.html[39m[22m
    [[1m./node_modules/html-webpack-plugin/lib/loader.js!./public/index.html[39m[22m] 708 bytes {[1m[33m0[39m[22m}[1m[32m [built][39m[22m
2018-05-31T17:45:04.948Z - info: Compiled successfully.
